  Main.cpp
C:\Users\Rodrigo\Documents\Github\ProyectoCG\316118299_Proyecto_GPO09\ProyectoFinal\ProyectoFinal\modelAnim.h(104,44): warning C4244: '=': conversion from 'double' to 'float', possible loss of data
C:\Users\Rodrigo\Documents\Github\ProyectoCG\316118299_Proyecto_GPO09\ProyectoFinal\ProyectoFinal\modelAnim.h(519,24): warning C4244: 'initializing': conversion from 'double' to 'float', possible loss of data
C:\Users\Rodrigo\Documents\Github\ProyectoCG\316118299_Proyecto_GPO09\ProyectoFinal\ProyectoFinal\Main.cpp(547,47): warning C4305: 'argument': truncation from 'double' to 'float'
C:\Users\Rodrigo\Documents\Github\ProyectoCG\316118299_Proyecto_GPO09\ProyectoFinal\ProyectoFinal\Main.cpp(550,48): warning C4305: 'argument': truncation from 'double' to 'float'
C:\Users\Rodrigo\Documents\Github\ProyectoCG\316118299_Proyecto_GPO09\ProyectoFinal\ProyectoFinal\Main.cpp(553,51): warning C4305: 'argument': truncation from 'double' to 'float'
C:\Users\Rodrigo\Documents\Github\ProyectoCG\316118299_Proyecto_GPO09\ProyectoFinal\ProyectoFinal\Main.cpp(556,55): warning C4305: 'argument': truncation from 'double' to 'float'
C:\Users\Rodrigo\Documents\Github\ProyectoCG\316118299_Proyecto_GPO09\ProyectoFinal\ProyectoFinal\Main.cpp(559,55): warning C4305: 'argument': truncation from 'double' to 'float'
C:\Users\Rodrigo\Documents\Github\ProyectoCG\316118299_Proyecto_GPO09\ProyectoFinal\ProyectoFinal\Main.cpp(562,60): warning C4305: 'argument': truncation from 'double' to 'float'
C:\Users\Rodrigo\Documents\Github\ProyectoCG\316118299_Proyecto_GPO09\ProyectoFinal\ProyectoFinal\Main.cpp(565,60): warning C4305: 'argument': truncation from 'double' to 'float'
C:\Users\Rodrigo\Documents\Github\ProyectoCG\316118299_Proyecto_GPO09\ProyectoFinal\ProyectoFinal\Main.cpp(568,58): warning C4305: 'argument': truncation from 'double' to 'float'
C:\Users\Rodrigo\Documents\Github\ProyectoCG\316118299_Proyecto_GPO09\ProyectoFinal\ProyectoFinal\Main.cpp(571,56): warning C4305: 'argument': truncation from 'double' to 'float'
C:\Users\Rodrigo\Documents\Github\ProyectoCG\316118299_Proyecto_GPO09\ProyectoFinal\ProyectoFinal\Main.cpp(580,24): warning C4244: 'initializing': conversion from 'double' to 'GLfloat', possible loss of data
C:\Users\Rodrigo\Documents\Github\ProyectoCG\316118299_Proyecto_GPO09\ProyectoFinal\ProyectoFinal\Main.cpp(1255,18): warning C4244: '=': conversion from 'int' to 'float', possible loss of data
C:\Users\Rodrigo\Documents\Github\ProyectoCG\316118299_Proyecto_GPO09\ProyectoFinal\ProyectoFinal\Main.cpp(1256,18): warning C4244: '=': conversion from 'int' to 'float', possible loss of data
C:\Users\Rodrigo\Documents\Github\ProyectoCG\316118299_Proyecto_GPO09\ProyectoFinal\ProyectoFinal\Main.cpp(1257,18): warning C4244: '=': conversion from 'int' to 'float', possible loss of data
C:\Users\Rodrigo\Documents\Github\ProyectoCG\316118299_Proyecto_GPO09\ProyectoFinal\ProyectoFinal\Main.cpp(1301,16): warning C4244: '=': conversion from 'int' to 'float', possible loss of data
C:\Users\Rodrigo\Documents\Github\ProyectoCG\316118299_Proyecto_GPO09\ProyectoFinal\ProyectoFinal\Main.cpp(1302,16): warning C4244: '=': conversion from 'int' to 'float', possible loss of data
C:\Users\Rodrigo\Documents\Github\ProyectoCG\316118299_Proyecto_GPO09\ProyectoFinal\ProyectoFinal\Main.cpp(1303,16): warning C4244: '=': conversion from 'int' to 'float', possible loss of data
C:\Users\Rodrigo\Documents\Github\ProyectoCG\316118299_Proyecto_GPO09\ProyectoFinal\ProyectoFinal\Main.cpp(1405,11): warning C4244: '=': conversion from 'double' to 'GLfloat', possible loss of data
C:\Users\Rodrigo\Documents\Github\ProyectoCG\316118299_Proyecto_GPO09\ProyectoFinal\ProyectoFinal\Main.cpp(1406,11): warning C4244: '=': conversion from 'double' to 'GLfloat', possible loss of data
C:\Users\Rodrigo\Documents\Github\ProyectoCG\316118299_Proyecto_GPO09\ProyectoFinal\ProyectoFinal\Main.cpp(1410,18): warning C4244: 'initializing': conversion from 'double' to 'GLfloat', possible loss of data
C:\Users\Rodrigo\Documents\Github\ProyectoCG\316118299_Proyecto_GPO09\ProyectoFinal\ProyectoFinal\Main.cpp(1411,18): warning C4244: 'initializing': conversion from 'double' to 'GLfloat', possible loss of data
C:\Users\Rodrigo\Documents\Github\ProyectoCG\316118299_Proyecto_GPO09\ProyectoFinal\ProyectoFinal\Main.cpp(1413,10): warning C4244: '=': conversion from 'double' to 'GLfloat', possible loss of data
C:\Users\Rodrigo\Documents\Github\ProyectoCG\316118299_Proyecto_GPO09\ProyectoFinal\ProyectoFinal\Main.cpp(1414,10): warning C4244: '=': conversion from 'double' to 'GLfloat', possible loss of data
C:\Users\Rodrigo\Documents\Github\ProyectoCG\316118299_Proyecto_GPO09\ProyectoFinal\ProyectoFinal\Main.cpp(1609,18): warning C4244: '=': conversion from 'double' to 'T', possible loss of data
          with
          [
              T=float
          ]
soil2-debug.lib(SOIL2.obj) : warning LNK4075: ignoring '/EDITANDCONTINUE' due to '/OPT:ICF' specification
LINK : warning LNK4098: defaultlib 'MSVCRTD' conflicts with use of other libs; use /NODEFAULTLIB:library
  Generating code
  Previous IPDB not found, fall back to full compilation.
  All 725 functions were compiled because no usable IPDB/IOBJ from previous compilation was found.
  Finished generating code
soil2-debug.lib(etc1_utils.obj) : warning LNK4099: PDB 'soil2-debug.pdb' was not found with 'soil2-debug.lib(etc1_utils.obj)' or at 'C:\Users\Rodrigo\Documents\Github\ProyectoCG\316118299_Proyecto_GPO09\ProyectoFinal\Release\soil2-debug.pdb'; linking object as if no debug info
soil2-debug.lib(image_DXT.obj) : warning LNK4099: PDB 'soil2-debug.pdb' was not found with 'soil2-debug.lib(image_DXT.obj)' or at 'C:\Users\Rodrigo\Documents\Github\ProyectoCG\316118299_Proyecto_GPO09\ProyectoFinal\Release\soil2-debug.pdb'; linking object as if no debug info
soil2-debug.lib(image_helper.obj) : warning LNK4099: PDB '' was not found with 'soil2-debug.lib(image_helper.obj)' or at ''; linking object as if no debug info
soil2-debug.lib(SOIL2.obj) : warning LNK4099: PDB 'soil2-debug.pdb' was not found with 'soil2-debug.lib(SOIL2.obj)' or at 'C:\Users\Rodrigo\Documents\Github\ProyectoCG\316118299_Proyecto_GPO09\ProyectoFinal\Release\soil2-debug.pdb'; linking object as if no debug info
  ProyectoFinal.vcxproj -> C:\Users\Rodrigo\Documents\Github\ProyectoCG\316118299_Proyecto_GPO09\ProyectoFinal\Release\ProyectoFinal.exe
