  Main.cpp
C:\Users\Rodrigo\Documents\Github\ProyectoCG\316118299_Proyecto_GPO09\ProyectoFinal\ProyectoFinal\modelAnim.h(104,44): warning C4244: '=': conversion from 'double' to 'float', possible loss of data
C:\Users\Rodrigo\Documents\Github\ProyectoCG\316118299_Proyecto_GPO09\ProyectoFinal\ProyectoFinal\modelAnim.h(519,24): warning C4244: 'initializing': conversion from 'double' to 'float', possible loss of data
C:\Users\Rodrigo\Documents\Github\ProyectoCG\316118299_Proyecto_GPO09\ProyectoFinal\ProyectoFinal\Main.cpp(534,47): warning C4305: 'argument': truncation from 'double' to 'float'
C:\Users\Rodrigo\Documents\Github\ProyectoCG\316118299_Proyecto_GPO09\ProyectoFinal\ProyectoFinal\Main.cpp(537,48): warning C4305: 'argument': truncation from 'double' to 'float'
C:\Users\Rodrigo\Documents\Github\ProyectoCG\316118299_Proyecto_GPO09\ProyectoFinal\ProyectoFinal\Main.cpp(540,51): warning C4305: 'argument': truncation from 'double' to 'float'
C:\Users\Rodrigo\Documents\Github\ProyectoCG\316118299_Proyecto_GPO09\ProyectoFinal\ProyectoFinal\Main.cpp(543,55): warning C4305: 'argument': truncation from 'double' to 'float'
C:\Users\Rodrigo\Documents\Github\ProyectoCG\316118299_Proyecto_GPO09\ProyectoFinal\ProyectoFinal\Main.cpp(546,55): warning C4305: 'argument': truncation from 'double' to 'float'
C:\Users\Rodrigo\Documents\Github\ProyectoCG\316118299_Proyecto_GPO09\ProyectoFinal\ProyectoFinal\Main.cpp(549,60): warning C4305: 'argument': truncation from 'double' to 'float'
C:\Users\Rodrigo\Documents\Github\ProyectoCG\316118299_Proyecto_GPO09\ProyectoFinal\ProyectoFinal\Main.cpp(552,60): warning C4305: 'argument': truncation from 'double' to 'float'
C:\Users\Rodrigo\Documents\Github\ProyectoCG\316118299_Proyecto_GPO09\ProyectoFinal\ProyectoFinal\Main.cpp(555,58): warning C4305: 'argument': truncation from 'double' to 'float'
C:\Users\Rodrigo\Documents\Github\ProyectoCG\316118299_Proyecto_GPO09\ProyectoFinal\ProyectoFinal\Main.cpp(558,56): warning C4305: 'argument': truncation from 'double' to 'float'
C:\Users\Rodrigo\Documents\Github\ProyectoCG\316118299_Proyecto_GPO09\ProyectoFinal\ProyectoFinal\Main.cpp(567,24): warning C4244: 'initializing': conversion from 'double' to 'GLfloat', possible loss of data
C:\Users\Rodrigo\Documents\Github\ProyectoCG\316118299_Proyecto_GPO09\ProyectoFinal\ProyectoFinal\Main.cpp(1255,16): warning C4244: '=': conversion from 'int' to 'float', possible loss of data
C:\Users\Rodrigo\Documents\Github\ProyectoCG\316118299_Proyecto_GPO09\ProyectoFinal\ProyectoFinal\Main.cpp(1256,16): warning C4244: '=': conversion from 'int' to 'float', possible loss of data
C:\Users\Rodrigo\Documents\Github\ProyectoCG\316118299_Proyecto_GPO09\ProyectoFinal\ProyectoFinal\Main.cpp(1257,16): warning C4244: '=': conversion from 'int' to 'float', possible loss of data
C:\Users\Rodrigo\Documents\Github\ProyectoCG\316118299_Proyecto_GPO09\ProyectoFinal\ProyectoFinal\Main.cpp(1305,11): warning C4244: '=': conversion from 'double' to 'GLfloat', possible loss of data
C:\Users\Rodrigo\Documents\Github\ProyectoCG\316118299_Proyecto_GPO09\ProyectoFinal\ProyectoFinal\Main.cpp(1306,11): warning C4244: '=': conversion from 'double' to 'GLfloat', possible loss of data
C:\Users\Rodrigo\Documents\Github\ProyectoCG\316118299_Proyecto_GPO09\ProyectoFinal\ProyectoFinal\Main.cpp(1310,18): warning C4244: 'initializing': conversion from 'double' to 'GLfloat', possible loss of data
C:\Users\Rodrigo\Documents\Github\ProyectoCG\316118299_Proyecto_GPO09\ProyectoFinal\ProyectoFinal\Main.cpp(1311,18): warning C4244: 'initializing': conversion from 'double' to 'GLfloat', possible loss of data
C:\Users\Rodrigo\Documents\Github\ProyectoCG\316118299_Proyecto_GPO09\ProyectoFinal\ProyectoFinal\Main.cpp(1313,10): warning C4244: '=': conversion from 'double' to 'GLfloat', possible loss of data
C:\Users\Rodrigo\Documents\Github\ProyectoCG\316118299_Proyecto_GPO09\ProyectoFinal\ProyectoFinal\Main.cpp(1314,10): warning C4244: '=': conversion from 'double' to 'GLfloat', possible loss of data
  ProyectoFinal.vcxproj -> C:\Users\Rodrigo\Documents\Github\ProyectoCG\316118299_Proyecto_GPO09\ProyectoFinal\Debug\ProyectoFinal.exe
